AzerothCore rev. 3bdf4171ef04+ 2026-04-08 23:13:11 +0000 (main branch) (Unix, RelWithDebInfo, Static) (worldserver-daemon)
<Ctrl-C> to stop.

   █████╗ ███████╗███████╗██████╗  ██████╗ ████████╗██╗  ██╗
  ██╔══██╗╚══███╔╝██╔════╝██╔══██╗██╔═══██╗╚══██╔══╝██║  ██║
  ███████║  ███╔╝ █████╗  ██████╔╝██║   ██║   ██║   ███████║
  ██╔══██║ ███╔╝  ██╔══╝  ██╔══██╗██║   ██║   ██║   ██╔══██║
  ██║  ██║███████╗███████╗██║  ██║╚██████╔╝   ██║   ██║  ██║
  ╚═╝  ╚═╝╚══════╝╚══════╝╚═╝  ╚═╝ ╚═════╝    ╚═╝   ╚═╝  ╚═╝
                                 ██████╗ ██████╗ ██████╗ ███████╗
                                ██╔════╝██╔═══██╗██╔══██╗██╔════╝
                                ██║     ██║   ██║██████╔╝█████╗
                                ██║     ██║   ██║██╔══██╗██╔══╝
                                ╚██████╗╚██████╔╝██║  ██║███████╗
                                 ╚═════╝ ╚═════╝ ╚═╝  ╚═╝╚══════╝

     AzerothCore 3.3.5a  -  www.azerothcore.org

> Using configuration file       /azerothcore/env/dist/etc/worldserver.conf
> Using SSL version:             OpenSSL 3.0.2 15 Mar 2022 (library: OpenSSL 3.0.2 15 Mar 2022)
> Using Boost version:           1.74.0
 
Can't set process priority class, error: Permission denied
Initializing Scripts...
> Loading C++ scripts
 
> Config: Found config value 'Updates.EnableDatabases' from environment variable 'AC_UPDATES_ENABLE_DATABASES'.
> AUTOUPDATER: Automatic database updates are disabled for all databases in the config! This is not recommended!
> Config: Found config value 'LoginDatabaseInfo' from environment variable 'AC_LOGIN_DATABASE_INFO'.
Opening DatabasePool 'acore_auth'. Asynchronous connections: 1, synchronous connections: 1.
DatabasePool 'acore_auth' opened successfully. 2 total connections running.
 
> Config: Found config value 'CharacterDatabaseInfo' from environment variable 'AC_CHARACTER_DATABASE_INFO'.
Opening DatabasePool 'acore_characters_3'. Asynchronous connections: 1, synchronous connections: 1.
DatabasePool 'acore_characters_3' opened successfully. 2 total connections running.
 
> Config: Found config value 'WorldDatabaseInfo' from environment variable 'AC_WORLD_DATABASE_INFO'.
Opening DatabasePool 'acore_world_3'. Asynchronous connections: 1, synchronous connections: 1.
DatabasePool 'acore_world_3' opened successfully. 2 total connections running.
 
> Config: Found config value 'RealmID' from environment variable 'AC_REALM_ID'.
Loading World Information...
> RealmID:              3
> Version DB world:     ACDB 335.16-dev
> Config: Found config value 'CloseIdleConnections' from environment variable 'AC_CLOSE_IDLE_CONNECTIONS'.
Client cache version set to: 16
Will clear `logs` table of entries older than 1209600 seconds every 10 minutes.
> Config: Found config value 'DataDir' from environment variable 'AC_DATA_DIR'.
Using DataDir /azerothcore/env/dist/data/
WORLD: VMap support included. LineOfSight:true, getHeight:true, indoorCheck:true PetLOS:true
 
Loading Acore Strings...
>> Loaded 1247 Acore Strings in 2 ms
 
Loading Module Strings...
>> Loaded 0 module strings. DB table `module_string` is empty.
 
Loading Module Strings Locale...
>> Loaded 0 module strings locale. DB table `module_string_locale` is empty.
 
Initialize Data Stores...
