AzerothCore rev. 805ccc81e74f+ 2026-04-08 02:44:54 -0300 (master branch) (Unix, RelWithDebInfo, Static) (dbimport)
<Ctrl-C> to stop.

   █████╗ ███████╗███████╗██████╗  ██████╗ ████████╗██╗  ██╗
  ██╔══██╗╚══███╔╝██╔════╝██╔══██╗██╔═══██╗╚══██╔══╝██║  ██║
  ███████║  ███╔╝ █████╗  ██████╔╝██║   ██║   ██║   ███████║
  ██╔══██║ ███╔╝  ██╔══╝  ██╔══██╗██║   ██║   ██║   ██╔══██║
  ██║  ██║███████╗███████╗██║  ██║╚██████╔╝   ██║   ██║  ██║
  ╚═╝  ╚═╝╚══════╝╚══════╝╚═╝  ╚═╝ ╚═════╝    ╚═╝   ╚═╝  ╚═╝
                                 ██████╗ ██████╗ ██████╗ ███████╗
                                ██╔════╝██╔═══██╗██╔══██╗██╔════╝
                                ██║     ██║   ██║██████╔╝█████╗
                                ██║     ██║   ██║██╔══██╗██╔══╝
                                ╚██████╗╚██████╔╝██║  ██║███████╗
                                 ╚═════╝ ╚═════╝ ╚═╝  ╚═╝╚══════╝

     AzerothCore 3.3.5a  -  www.azerothcore.org

> Using configuration file:       /azerothcore/env/dist/etc/dbimport.conf
> Using SSL version:              OpenSSL 3.0.2 15 Mar 2022 (library: OpenSSL 3.0.2 15 Mar 2022)
> Using Boost version:            1.74.0
 
Configuration field WorldDatabaseInfo was overridden with environment variable.
Configuration field CharacterDatabaseInfo was overridden with environment variable.
Configuration field LoginDatabaseInfo was overridden with environment variable.
Configuration field LogsDir was overridden with environment variable.
Loading modules: all
Opening DatabasePool 'acore_auth'. Asynchronous connections: 1, synchronous connections: 1.
MySQL client library: 8.0.45
MySQL server ver: 8.4.8 
Connected to MySQL database at ac-database
MySQL client library: 8.0.45
MySQL server ver: 8.4.8 
Connected to MySQL database at ac-database
DatabasePool 'acore_auth' opened successfully. 2 total connections running.
 
Opening DatabasePool 'acore_characters_7'. Asynchronous connections: 1, synchronous connections: 1.
MySQL client library: 8.0.45
MySQL server ver: 8.4.8 
Connected to MySQL database at ac-database
MySQL client library: 8.0.45
MySQL server ver: 8.4.8 
Connected to MySQL database at ac-database
DatabasePool 'acore_characters_7' opened successfully. 2 total connections running.
 
Opening DatabasePool 'acore_world_7'. Asynchronous connections: 1, synchronous connections: 1.
MySQL client library: 8.0.45
MySQL server ver: 8.4.8 
Connected to MySQL database at ac-database
MySQL client library: 8.0.45
MySQL server ver: 8.4.8 
Connected to MySQL database at ac-database
DatabasePool 'acore_world_7' opened successfully. 2 total connections running.
 
Database Character is empty, auto populating it...
>> Applying 'account_data.sql'...
>> Applying 'account_instance_times.sql'...
>> Applying 'account_tutorial.sql'...
>> Applying 'active_arena_season.sql'...
>> Applying 'addons.sql'...
>> Applying 'arena_team.sql'...
>> Applying 'arena_team_member.sql'...
>> Applying 'auctionhouse.sql'...
>> Applying 'banned_addons.sql'...
>> Applying 'battleground_deserters.sql'...
>> Applying 'bugreport.sql'...
>> Applying 'calendar_events.sql'...
>> Applying 'calendar_invites.sql'...
>> Applying 'channels.sql'...
>> Applying 'channels_bans.sql'...
>> Applying 'channels_rights.sql'...
>> Applying 'character_account_data.sql'...
>> Applying 'character_achievement.sql'...
>> Applying 'character_achievement_offline_updates.sql'...
>> Applying 'character_achievement_progress.sql'...
>> Applying 'character_action.sql'...
>> Applying 'character_arena_stats.sql'...
>> Applying 'character_aura.sql'...
>> Applying 'character_banned.sql'...
>> Applying 'character_battleground_random.sql'...
>> Applying 'character_brew_of_the_month.sql'...
>> Applying 'character_declinedname.sql'...
>> Applying 'character_entry_point.sql'...
>> Applying 'character_equipmentsets.sql'...
>> Applying 'character_gifts.sql'...
>> Applying 'character_glyphs.sql'...
>> Applying 'character_homebind.sql'...
>> Applying 'character_instance.sql'...
>> Applying 'character_inventory.sql'...
>> Applying 'character_pet.sql'...
>> Applying 'character_pet_declinedname.sql'...
>> Applying 'character_queststatus.sql'...
>> Applying 'character_queststatus_daily.sql'...
>> Applying 'character_queststatus_monthly.sql'...
>> Applying 'character_queststatus_rewarded.sql'...
>> Applying 'character_queststatus_seasonal.sql'...
>> Applying 'character_queststatus_weekly.sql'...
>> Applying 'character_reputation.sql'...
>> Applying 'character_settings.sql'...
>> Applying 'character_skills.sql'...
>> Applying 'character_social.sql'...
>> Applying 'character_spell.sql'...
>> Applying 'character_spell_cooldown.sql'...
>> Applying 'character_stats.sql'...
>> Applying 'character_talent.sql'...
>> Applying 'characters.sql'...
>> Applying 'corpse.sql'...
>> Applying 'creature_respawn.sql'...
>> Applying 'game_event_condition_save.sql'...
>> Applying 'game_event_save.sql'...
>> Applying 'gameobject_respawn.sql'...
>> Applying 'gm_subsurvey.sql'...
>> Applying 'gm_survey.sql'...
>> Applying 'gm_ticket.sql'...
>> Applying 'group_member.sql'...
>> Applying 'groups.sql'...
>> Applying 'guild.sql'...
>> Applying 'guild_bank_eventlog.sql'...
>> Applying 'guild_bank_item.sql'...
>> Applying 'guild_bank_right.sql'...
>> Applying 'guild_bank_tab.sql'...
>> Applying 'guild_eventlog.sql'...
>> Applying 'guild_member.sql'...
>> Applying 'guild_member_withdraw.sql'...
>> Applying 'guild_rank.sql'...
>> Applying 'instance.sql'...
>> Applying 'instance_reset.sql'...
>> Applying 'instance_saved_go_state_data.sql'...
>> Applying 'item_instance.sql'...
>> Applying 'item_loot_storage.sql'...
>> Applying 'item_refund_instance.sql'...
>> Applying 'item_soulbound_trade_data.sql'...
>> Applying 'lag_reports.sql'...
>> Applying 'lfg_data.sql'...
>> Applying 'log_arena_fights.sql'...
>> Applying 'log_arena_memberstats.sql'...
>> Applying 'log_encounter.sql'...
>> Applying 'log_money.sql'...
>> Applying 'mail.sql'...
>> Applying 'mail_items.sql'...
>> Applying 'mail_server_character.sql'...
>> Applying 'mail_server_template.sql'...
>> Applying 'mail_server_template_conditions.sql'...
>> Applying 'mail_server_template_items.sql'...
>> Applying 'pet_aura.sql'...
>> Applying 'pet_spell.sql'...
>> Applying 'pet_spell_cooldown.sql'...
>> Applying 'petition.sql'...
>> Applying 'petition_sign.sql'...
>> Applying 'pool_quest_save.sql'...
>> Applying 'profanity_name.sql'...
>> Applying 'pvpstats_battlegrounds.sql'...
>> Applying 'pvpstats_players.sql'...
>> Applying 'quest_tracker.sql'...
>> Applying 'recovery_item.sql'...
>> Applying 'reserved_name.sql'...
>> Applying 'updates.sql'...
>> Applying 'updates_include.sql'...
>> Applying 'warden_action.sql'...
>> Applying 'world_state.sql'...
>> Applying 'worldstates.sql'...
>> Done!
 
Database World is empty, auto populating it...
>> Applying 'achievement_category_dbc.sql'...
>> Applying 'achievement_criteria_data.sql'...
>> Applying 'achievement_criteria_dbc.sql'...
>> Applying 'achievement_dbc.sql'...
>> Applying 'achievement_reward.sql'...
>> Applying 'achievement_reward_locale.sql'...
>> Applying 'acore_string.sql'...
>> Applying 'antidos_opcode_policies.sql'...
>> Applying 'areagroup_dbc.sql'...
>> Applying 'areapoi_dbc.sql'...
>> Applying 'areatable_dbc.sql'...
>> Applying 'areatrigger.sql'...
>> Applying 'areatrigger_involvedrelation.sql'...
>> Applying 'areatrigger_scripts.sql'...
>> Applying 'areatrigger_tavern.sql'...
>> Applying 'areatrigger_teleport.sql'...
>> Applying 'arena_season_reward.sql'...
>> Applying 'arena_season_reward_group.sql'...
>> Applying 'auctionhouse_dbc.sql'...
>> Applying 'bankbagslotprices_dbc.sql'...
>> Applying 'barbershopstyle_dbc.sql'...
>> Applying 'battleground_template.sql'...
>> Applying 'battlemaster_entry.sql'...
>> Applying 'battlemasterlist_dbc.sql'...
>> Applying 'broadcast_text.sql'...
>> Applying 'broadcast_text_locale.sql'...
>> Applying 'charstartoutfit_dbc.sql'...
>> Applying 'chartitles_dbc.sql'...
>> Applying 'chatchannels_dbc.sql'...
>> Applying 'chrclasses_dbc.sql'...
>> Applying 'chrraces_dbc.sql'...
>> Applying 'cinematiccamera_dbc.sql'...
>> Applying 'cinematicsequences_dbc.sql'...
>> Applying 'command.sql'...
>> Applying 'conditions.sql'...
>> Applying 'creature.sql'...
>> Applying 'creature_addon.sql'...
>> Applying 'creature_classlevelstats.sql'...
>> Applying 'creature_default_trainer.sql'...
>> Applying 'creature_equip_template.sql'...
>> Applying 'creature_formations.sql'...
>> Applying 'creature_loot_template.sql'...
>> Applying 'creature_model_info.sql'...
>> Applying 'creature_movement_override.sql'...
>> Applying 'creature_onkill_reputation.sql'...
>> Applying 'creature_questender.sql'...
>> Applying 'creature_questitem.sql'...
>> Applying 'creature_queststarter.sql'...
>> Applying 'creature_sparring.sql'...
>> Applying 'creature_summon_groups.sql'...
>> Applying 'creature_template.sql'...
>> Applying 'creature_template_addon.sql'...
>> Applying 'creature_template_locale.sql'...
>> Applying 'creature_template_model.sql'...
>> Applying 'creature_template_movement.sql'...
>> Applying 'creature_template_resistance.sql'...
>> Applying 'creature_template_spell.sql'...
>> Applying 'creature_text.sql'...
>> Applying 'creature_text_locale.sql'...
>> Applying 'creaturedisplayinfo_dbc.sql'...
>> Applying 'creaturedisplayinfoextra_dbc.sql'...
>> Applying 'creaturefamily_dbc.sql'...
>> Applying 'creaturemodeldata_dbc.sql'...
>> Applying 'creaturespelldata_dbc.sql'...
>> Applying 'creaturetype_dbc.sql'...
>> Applying 'currencytypes_dbc.sql'...
>> Applying 'destructiblemodeldata_dbc.sql'...
>> Applying 'disables.sql'...
>> Applying 'disenchant_loot_template.sql'...
>> Applying 'dungeon_access_requirements.sql'...
>> Applying 'dungeon_access_template.sql'...
>> Applying 'dungeonencounter_dbc.sql'...
>> Applying 'durabilitycosts_dbc.sql'...
>> Applying 'durabilityquality_dbc.sql'...
>> Applying 'emotes_dbc.sql'...
>> Applying 'emotestext_dbc.sql'...
>> Applying 'event_scripts.sql'...
>> Applying 'exploration_basexp.sql'...
>> Applying 'faction_dbc.sql'...
>> Applying 'factiontemplate_dbc.sql'...
>> Applying 'fishing_loot_template.sql'...
>> Applying 'game_event.sql'...
>> Applying 'game_event_arena_seasons.sql'...
>> Applying 'game_event_battleground_holiday.sql'...
>> Applying 'game_event_condition.sql'...
>> Applying 'game_event_creature.sql'...
>> Applying 'game_event_creature_quest.sql'...
>> Applying 'game_event_gameobject.sql'...
>> Applying 'game_event_gameobject_quest.sql'...
>> Applying 'game_event_model_equip.sql'...
>> Applying 'game_event_npc_vendor.sql'...
>> Applying 'game_event_npcflag.sql'...
>> Applying 'game_event_pool.sql'...
>> Applying 'game_event_prerequisite.sql'...
>> Applying 'game_event_quest_condition.sql'...
>> Applying 'game_event_seasonal_questrelation.sql'...
>> Applying 'game_graveyard.sql'...
>> Applying 'game_tele.sql'...
>> Applying 'game_weather.sql'...
>> Applying 'gameobject.sql'...
>> Applying 'gameobject_addon.sql'...
>> Applying 'gameobject_loot_template.sql'...
>> Applying 'gameobject_questender.sql'...
>> Applying 'gameobject_questitem.sql'...
>> Applying 'gameobject_queststarter.sql'...
>> Applying 'gameobject_summon_groups.sql'...
>> Applying 'gameobject_template.sql'...
>> Applying 'gameobject_template_addon.sql'...
>> Applying 'gameobject_template_locale.sql'...
>> Applying 'gameobjectartkit_dbc.sql'...
>> Applying 'gameobjectdisplayinfo_dbc.sql'...
>> Applying 'gemproperties_dbc.sql'...
>> Applying 'glyphproperties_dbc.sql'...
>> Applying 'glyphslot_dbc.sql'...
>> Applying 'gossip_menu.sql'...
>> Applying 'gossip_menu_option.sql'...
>> Applying 'gossip_menu_option_locale.sql'...
>> Applying 'graveyard_zone.sql'...
>> Applying 'gtbarbershopcostbase_dbc.sql'...
>> Applying 'gtchancetomeleecrit_dbc.sql'...
>> Applying 'gtchancetomeleecritbase_dbc.sql'...
>> Applying 'gtchancetospellcrit_dbc.sql'...
>> Applying 'gtchancetospellcritbase_dbc.sql'...
>> Applying 'gtcombatratings_dbc.sql'...
>> Applying 'gtnpcmanacostscaler_dbc.sql'...
>> Applying 'gtoctclasscombatratingscalar_dbc.sql'...
>> Applying 'gtoctregenhp_dbc.sql'...
>> Applying 'gtregenhpperspt_dbc.sql'...
>> Applying 'gtregenmpperspt_dbc.sql'...
>> Applying 'holiday_dates.sql'...
>> Applying 'holidays_dbc.sql'...
>> Applying 'instance_encounters.sql'...
>> Applying 'instance_template.sql'...
>> Applying 'item_dbc.sql'...
>> Applying 'item_enchantment_template.sql'...
>> Applying 'item_loot_template.sql'...
>> Applying 'item_set_names.sql'...
>> Applying 'item_set_names_locale.sql'...
>> Applying 'item_template.sql'...
>> Applying 'item_template_locale.sql'...
>> Applying 'itembagfamily_dbc.sql'...
>> Applying 'itemdisplayinfo_dbc.sql'...
>> Applying 'itemextendedcost_dbc.sql'...
>> Applying 'itemlimitcategory_dbc.sql'...
>> Applying 'itemrandomproperties_dbc.sql'...
>> Applying 'itemrandomsuffix_dbc.sql'...
>> Applying 'itemset_dbc.sql'...
>> Applying 'lfg_dungeon_rewards.sql'...
>> Applying 'lfg_dungeon_template.sql'...
>> Applying 'lfgdungeons_dbc.sql'...
>> Applying 'light_dbc.sql'...
>> Applying 'linked_respawn.sql'...
>> Applying 'liquidtype_dbc.sql'...
>> Applying 'lock_dbc.sql'...
>> Applying 'mail_level_reward.sql'...
>> Applying 'mail_loot_template.sql'...
>> Applying 'mailtemplate_dbc.sql'...
>> Applying 'map_dbc.sql'...
>> Applying 'mapdifficulty_dbc.sql'...
>> Applying 'milling_loot_template.sql'...
>> Applying 'module_string.sql'...
>> Applying 'module_string_locale.sql'...
>> Applying 'movie_dbc.sql'...
>> Applying 'namesprofanity_dbc.sql'...
>> Applying 'namesreserved_dbc.sql'...
>> Applying 'npc_spellclick_spells.sql'...
>> Applying 'npc_text.sql'...
>> Applying 'npc_text_locale.sql'...
>> Applying 'npc_trainer.sql'...
>> Applying 'npc_vendor.sql'...
>> Applying 'outdoorpvp_template.sql'...
>> Applying 'overridespelldata_dbc.sql'...
>> Applying 'page_text.sql'...
>> Applying 'page_text_locale.sql'...
>> Applying 'pet_levelstats.sql'...
>> Applying 'pet_name_generation.sql'...
>> Applying 'pet_name_generation_locale.sql'...
>> Applying 'pickpocketing_loot_template.sql'...
>> Applying 'player_class_stats.sql'...
>> Applying 'player_factionchange_achievement.sql'...
>> Applying 'player_factionchange_items.sql'...
>> Applying 'player_factionchange_quests.sql'...
>> Applying 'player_factionchange_reputations.sql'...
>> Applying 'player_factionchange_spells.sql'...
>> Applying 'player_factionchange_titles.sql'...
>> Applying 'player_loot_template.sql'...
>> Applying 'player_race_stats.sql'...
>> Applying 'player_shapeshift_model.sql'...
>> Applying 'player_totem_model.sql'...
>> Applying 'player_xp_for_level.sql'...
>> Applying 'playercreateinfo.sql'...
>> Applying 'playercreateinfo_action.sql'...
>> Applying 'playercreateinfo_cast_spell.sql'...
>> Applying 'playercreateinfo_item.sql'...
>> Applying 'playercreateinfo_skills.sql'...
>> Applying 'playercreateinfo_spell_custom.sql'...
>> Applying 'points_of_interest.sql'...
>> Applying 'points_of_interest_locale.sql'...
>> Applying 'pool_creature.sql'...
>> Applying 'pool_gameobject.sql'...
>> Applying 'pool_pool.sql'...
>> Applying 'pool_quest.sql'...
>> Applying 'pool_template.sql'...
>> Applying 'powerdisplay_dbc.sql'...
>> Applying 'prospecting_loot_template.sql'...
>> Applying 'pvpdifficulty_dbc.sql'...
>> Applying 'quest_details.sql'...
>> Applying 'quest_greeting.sql'...
>> Applying 'quest_greeting_locale.sql'...
>> Applying 'quest_mail_sender.sql'...
>> Applying 'quest_money_reward.sql'...
>> Applying 'quest_offer_reward.sql'...
>> Applying 'quest_offer_reward_locale.sql'...
>> Applying 'quest_poi.sql'...
>> Applying 'quest_poi_points.sql'...
>> Applying 'quest_request_items.sql'...
>> Applying 'quest_request_items_locale.sql'...
>> Applying 'quest_template.sql'...
>> Applying 'quest_template_addon.sql'...
>> Applying 'quest_template_locale.sql'...
>> Applying 'questfactionreward_dbc.sql'...
>> Applying 'questsort_dbc.sql'...
>> Applying 'questxp_dbc.sql'...
>> Applying 'randproppoints_dbc.sql'...
>> Applying 'reference_loot_template.sql'...
>> Applying 'reputation_reward_rate.sql'...
>> Applying 'reputation_spillover_template.sql'...
>> Applying 'scalingstatdistribution_dbc.sql'...
>> Applying 'scalingstatvalues_dbc.sql'...
>> Applying 'script_waypoint.sql'...
>> Applying 'skill_discovery_template.sql'...
>> Applying 'skill_extra_item_template.sql'...
>> Applying 'skill_fishing_base_level.sql'...
>> Applying 'skill_perfect_item_template.sql'...
>> Applying 'skillline_dbc.sql'...
>> Applying 'skilllineability_dbc.sql'...
>> Applying 'skillraceclassinfo_dbc.sql'...
>> Applying 'skilltiers_dbc.sql'...
>> Applying 'skinning_loot_template.sql'...
>> Applying 'smart_scripts.sql'...
>> Applying 'soundentries_dbc.sql'...
>> Applying 'spell_area.sql'...
>> Applying 'spell_bonus_data.sql'...
>> Applying 'spell_cooldown_overrides.sql'...
>> Applying 'spell_custom_attr.sql'...
>> Applying 'spell_dbc.sql'...
>> Applying 'spell_enchant_proc_data.sql'...
>> Applying 'spell_group.sql'...
>> Applying 'spell_group_stack_rules.sql'...
>> Applying 'spell_jump_distance.sql'...
>> Applying 'spell_linked_spell.sql'...
>> Applying 'spell_loot_template.sql'...
>> Applying 'spell_mixology.sql'...
>> Applying 'spell_pet_auras.sql'...
>> Applying 'spell_proc.sql'...
>> Applying 'spell_proc_event.sql'...
>> Applying 'spell_ranks.sql'...
>> Applying 'spell_required.sql'...
>> Applying 'spell_script_names.sql'...
>> Applying 'spell_scripts.sql'...
>> Applying 'spell_target_position.sql'...
>> Applying 'spell_threat.sql'...
>> Applying 'spellcasttimes_dbc.sql'...
>> Applying 'spellcategory_dbc.sql'...
>> Applying 'spelldifficulty_dbc.sql'...
>> Applying 'spellduration_dbc.sql'...
>> Applying 'spellfocusobject_dbc.sql'...
>> Applying 'spellitemenchantment_dbc.sql'...
>> Applying 'spellitemenchantmentcondition_dbc.sql'...
>> Applying 'spellradius_dbc.sql'...
>> Applying 'spellrange_dbc.sql'...
>> Applying 'spellrunecost_dbc.sql'...
>> Applying 'spellshapeshiftform_dbc.sql'...
>> Applying 'spellvisual_dbc.sql'...
>> Applying 'stableslotprices_dbc.sql'...
>> Applying 'summonproperties_dbc.sql'...
>> Applying 'talent_dbc.sql'...
>> Applying 'talenttab_dbc.sql'...
>> Applying 'taxinodes_dbc.sql'...
>> Applying 'taxipath_dbc.sql'...
>> Applying 'taxipathnode_dbc.sql'...
>> Applying 'teamcontributionpoints_dbc.sql'...
>> Applying 'totemcategory_dbc.sql'...
>> Applying 'trainer.sql'...
>> Applying 'trainer_locale.sql'...
>> Applying 'trainer_spell.sql'...
>> Applying 'transportanimation_dbc.sql'...
>> Applying 'transportrotation_dbc.sql'...
>> Applying 'transports.sql'...
>> Applying 'updates.sql'...
>> Applying 'updates_include.sql'...
>> Applying 'vehicle_accessory.sql'...
>> Applying 'vehicle_dbc.sql'...
>> Applying 'vehicle_seat_addon.sql'...
>> Applying 'vehicle_template_accessory.sql'...
>> Applying 'vehicleseat_dbc.sql'...
>> Applying 'version.sql'...
>> Applying 'warden_checks.sql'...
>> Applying 'waypoint_data.sql'...
>> Applying 'waypoint_scripts.sql'...
>> Applying 'waypoints.sql'...
>> Applying 'wmoareatable_dbc.sql'...
>> Applying 'worldmaparea_dbc.sql'...
>> Applying 'worldmapoverlay_dbc.sql'...
>> Done!
 
Updating Auth database...
>> Auth database is up-to-date! Containing 8 new and 1 archived updates.
 
Updating Character database...
>> Applying update "2026_03_30_00.sql" '0A18FF7'...
>> Applying update "2026_04_03_00.sql" '758EBF4'...
>> Applied 2 queries. Containing 13 new and 3 archived updates.
 
Updating World database...
>> Applying update "2026_03_15_04.sql" 'F16FB37'...
>> Applying update "2026_03_16_00.sql" 'A063A7C'...
>> Applying update "2026_03_17_00.sql" '5677692'...
>> Applying update "2026_03_18_00.sql" 'C3F88B4'...
>> Applying update "2026_03_18_01.sql" '3332F11'...
>> Applying update "2026_03_18_02.sql" 'EC856E6'...
>> Applying update "2026_03_19_00.sql" '03A30D4'...
>> Applying update "2026_03_19_01.sql" '08B70C1'...
>> Applying update "2026_03_20_00.sql" 'F3BDAD0'...
>> Applying update "2026_03_20_01.sql" 'B427643'...
>> Applying update "2026_03_21_00.sql" '9CD6D5C'...
>> Applying update "2026_03_21_01.sql" '0B66156'...
>> Applying update "2026_03_21_02.sql" '2F99D69'...
>> Applying update "2026_03_21_03.sql" '27CBF57'...
>> Applying update "2026_03_21_04.sql" '49A8EF9'...
>> Applying update "2026_03_22_00.sql" 'FB19BCD'...
>> Applying update "2026_03_22_01.sql" '7D3143B'...
>> Applying update "2026_03_22_02.sql" '4219777'...
>> Applying update "2026_03_22_03.sql" '819BEDE'...
>> Applying update "2026_03_22_04.sql" '509AE11'...
>> Applying update "2026_03_22_05.sql" '80AE353'...
>> Applying update "2026_03_23_00.sql" '84DB5DC'...
>> Applying update "2026_03_23_01.sql" '45A07FF'...
>> Applying update "2026_03_23_02.sql" '3BFB4A0'...
>> Applying update "2026_03_24_00.sql" '3791858'...
>> Applying update "2026_03_24_01.sql" '91B9A19'...
>> Applying update "2026_03_24_02.sql" '21A1A09'...
>> Applying update "2026_03_24_03.sql" '5AD8E9B'...
>> Applying update "2026_03_24_04.sql" 'A5480B8'...
>> Applying update "2026_03_24_05.sql" 'B11B33F'...
>> Applying update "2026_03_25_00.sql" '4782688'...
>> Applying update "2026_03_25_01.sql" '41D1CA8'...
>> Applying update "2026_03_25_02.sql" '3DF4DE2'...
>> Applying update "2026_03_25_03.sql" '6DB34FA'...
>> Applying update "2026_03_25_04.sql" '4F1600E'...
>> Applying update "2026_03_25_05.sql" 'B2D737E'...
>> Applying update "2026_03_25_06.sql" '7F11CE4'...
>> Applying update "2026_03_26_00.sql" '21A2372'...
>> Applying update "2026_03_26_01.sql" '1882489'...
>> Applying update "2026_03_27_00.sql" '8476C08'...
>> Applying update "2026_03_27_01.sql" '9B4DBAA'...
>> Applying update "2026_03_27_02.sql" 'CC9A706'...
>> Applying update "2026_03_27_03.sql" '01B370A'...
>> Applying update "2026_03_27_04.sql" '55919E7'...
>> Applying update "2026_03_28_00.sql" '0B6B2F3'...
>> Applying update "2026_03_28_01.sql" 'F92FB3F'...
>> Applying update "2026_03_28_02.sql" 'A866562'...
>> Applying update "2026_03_28_03.sql" '3411BDB'...
>> Applying update "2026_03_29_00.sql" '99DB658'...
>> Applying update "2026_03_29_01.sql" '6C6C6C1'...
>> Applying update "2026_03_29_02.sql" 'A303E00'...
>> Applying update "2026_03_30_00.sql" '3A8DE86'...
>> Applying update "2026_03_31_00.sql" 'EDBC092'...
>> Applying update "2026_04_03_00.sql" 'BF080AD'...
>> Applying update "2026_04_03_01.sql" 'D03D3C9'...
>> Applying update "2026_04_03_02.sql" '404D86E'...
>> Applying update "2026_04_03_03.sql" '6528605'...
>> Applying update "2026_04_04_00.sql" 'F009046'...
>> Applying update "2026_04_04_01.sql" '1EF871B'...
>> Applying update "2026_04_05_00.sql" '1B3D1D6'...
>> Applying update "2026_04_05_01.sql" 'BABA381'...
>> Applying update "2026_04_05_02.sql" '656F1DC'...
>> Applying update "2026_04_05_03.sql" 'CC6DA90'...
>> Applied 63 queries. Containing 1090 new and 1384 archived updates.
 
Started database connection pool.
Halting process...
Closing down DatabasePool 'acore_characters_7'. Waiting for 0 queries to finish...
Asynchronous connections on DatabasePool 'acore_characters_7' terminated. Proceeding with synchronous connections.
All connections on DatabasePool 'acore_characters_7' closed.
Closing down DatabasePool 'acore_world_7'. Waiting for 0 queries to finish...
Asynchronous connections on DatabasePool 'acore_world_7' terminated. Proceeding with synchronous connections.
All connections on DatabasePool 'acore_world_7' closed.
Closing down DatabasePool 'acore_auth'. Waiting for 0 queries to finish...
Asynchronous connections on DatabasePool 'acore_auth' terminated. Proceeding with synchronous connections.
All connections on DatabasePool 'acore_auth' closed.
